2025-05-19 13:29:17,066 [INFO] Loaded page https://vivatechnology.com/partners
2025-05-19 13:32:07,918 [INFO] Finished stepwise scroll
2025-05-19 13:32:08,057 [INFO] Found 1591 company blocks
2025-05-19 13:33:11,342 [INFO] Collected 63 companies for detail extraction
2025-05-19 13:33:18,983 [INFO] [1] enriched 2TONNES
2025-05-19 13:33:27,002 [INFO] [2] enriched AKIVI
2025-05-19 13:33:35,594 [INFO] [3] enriched ALEFREDO EXAMS
2025-05-19 13:33:43,323 [INFO] [4] enriched ANONYMOUS DOTS TECHNOLOGY COLIMITED
2025-05-19 13:33:50,681 [INFO] [5] enriched AUGMEDI AG
2025-05-19 13:33:58,155 [INFO] [6] enriched AWORLD
2025-05-19 13:34:05,619 [INFO] [7] enriched BEEKEE
2025-05-19 13:34:13,090 [INFO] [8] enriched BLATRON
2025-05-19 13:34:20,734 [INFO] [9] enriched BLIFY
2025-05-19 13:34:28,642 [INFO] [10] enriched CCI PARIS ILE-DE-FRANCE
2025-05-19 13:34:36,146 [INFO] [11] enriched CERTIFOPAC
2025-05-19 13:34:45,779 [INFO] [12] enriched CLEO
2025-05-19 13:34:53,985 [INFO] [13] enriched COACHELLO
2025-05-19 13:35:01,635 [INFO] [14] enriched CONSTEL MENTORING
2025-05-19 13:35:09,233 [INFO] [15] enriched DÉLÉGATION GÉNÉRALE À L’ENTREPRENARIAT RAPIDE DES FEMMES ET DES JEUNES
2025-05-19 13:35:17,107 [INFO] [16] enriched DIGIOTOUCH OU
2025-05-19 13:35:24,781 [INFO] [17] enriched E-REO
2025-05-19 13:35:32,288 [INFO] [18] enriched EDTAKE
2025-05-19 13:35:39,868 [INFO] [19] enriched EXPLORE MEDIA
2025-05-19 13:35:47,825 [INFO] [20] enriched FACIL'ITI
2025-05-19 13:35:55,400 [INFO] [21] enriched FORMEAZY
2025-05-19 13:36:03,208 [INFO] [22] enriched GOWIZAPP
2025-05-19 13:36:11,775 [INFO] [23] enriched HIVENET
2025-05-19 13:36:19,417 [INFO] [24] enriched INERSIO
2025-05-19 13:36:29,402 [INFO] [25] enriched JOBTASTE
2025-05-19 13:36:37,043 [INFO] [26] enriched JUISCI
2025-05-19 13:36:44,782 [INFO] [27] enriched KOKORO LINGUA
2025-05-19 13:36:52,380 [INFO] [28] enriched L4BOX
2025-05-19 13:37:00,129 [INFO] [29] enriched LA CARTE DES TALENTS
2025-05-19 13:37:07,903 [INFO] [30] enriched LA REBELLE CONNECT
2025-05-19 13:37:15,602 [INFO] [31] enriched LA TOUCHE MUSICALE
2025-05-19 13:37:24,608 [INFO] [32] enriched LEARNING ROBOTS
2025-05-19 13:37:35,491 [INFO] [33] enriched LEON
2025-05-19 13:37:44,270 [INFO] [34] enriched MANSA TALENTS
2025-05-19 13:37:51,765 [INFO] [35] enriched MENTALECO
2025-05-19 13:37:59,211 [INFO] [36] enriched MINACLASS
2025-05-19 13:38:06,659 [INFO] [37] enriched MIST STUDIO
2025-05-19 13:38:14,050 [INFO] [38] enriched MONELECTROBOX
2025-05-19 13:38:21,483 [INFO] [39] enriched MOVER
2025-05-19 13:38:29,086 [INFO] [40] enriched MYOTHESIS
2025-05-19 13:38:36,794 [INFO] [41] enriched NOLEJ
2025-05-19 13:38:44,393 [INFO] [42] enriched OHÉ - ORTHOGRAPHE HÉROS
2025-05-19 13:38:51,961 [INFO] [43] enriched OPENCYBER AI
2025-05-19 13:38:59,945 [INFO] [44] enriched ORELIS SARL
2025-05-19 13:39:07,966 [INFO] [45] enriched OVA INC.
2025-05-19 13:39:15,869 [INFO] [46] enriched PALM.AI
2025-05-19 13:39:23,553 [INFO] [47] enriched PLAYCURIO CO., LTD.
2025-05-19 13:39:31,311 [INFO] [48] enriched POKAMIND
2025-05-19 13:39:38,750 [INFO] [49] enriched POLLEN
2025-05-19 13:39:46,659 [INFO] [50] enriched QUITUS
2025-05-19 13:39:54,107 [INFO] [51] enriched SAYNA
2025-05-19 13:40:01,620 [INFO] [52] enriched SCANLITT
2025-05-19 13:40:09,564 [INFO] [53] enriched STARPAL.AI
2025-05-19 13:40:17,237 [INFO] [54] enriched STEWDY
2025-05-19 13:40:25,021 [INFO] [55] enriched SYMPLIF.AI
2025-05-19 13:40:32,349 [INFO] [56] enriched TALEME
2025-05-19 13:40:41,571 [INFO] [57] enriched TANJIBLOCKS
2025-05-19 13:40:49,195 [INFO] [58] enriched TEN FRAMEWORK
2025-05-19 13:40:57,903 [INFO] [59] enriched TURING SPACE
2025-05-19 13:41:05,289 [INFO] [60] enriched WILBI
2025-05-19 13:41:21,383 [INFO] [61] enriched YELLO
2025-05-19 13:41:28,929 [INFO] [62] enriched ZAKA
2025-05-19 13:41:36,378 [INFO] [63] enriched ZENCODER
2025-05-19 13:41:36,379 [INFO] Saved 63 rows to /home/fuji/VivaTech_/sector_companies.csv
