2025-05-19 11:41:05,682 [INFO] Starting collection from https://vivatechnology.com/partners
2025-05-19 11:41:13,256 [INFO] Page loaded: https://vivatechnology.com/partners
2025-05-19 11:44:03,338 [INFO] Reached bottom of page after stepwise scrolling.
2025-05-19 11:44:03,449 [INFO] Found 1591 total company blocks
2025-05-19 11:44:03,556 [INFO] [1] Matched: .LUMEN -> https://vivatechnology.com/partners/lumen (startup=startup)
2025-05-19 11:44:03,896 [INFO] [9] Matched: 4DIVISION -> https://vivatechnology.com/partners/4division (startup=startup)
2025-05-19 11:44:05,388 [INFO] [41] Matched: AI4IV SRL -> https://vivatechnology.com/partners/ai4iv-srl (startup=startup)
2025-05-19 11:44:05,690 [INFO] [48] Matched: AIRECO CO., LTD -> https://vivatechnology.com/partners/aireco-co-ltd (startup=startup)
2025-05-19 11:44:06,110 [INFO] [57] Matched: ALATYR -> https://vivatechnology.com/partners/alatyr (startup=startup)
2025-05-19 11:44:06,530 [INFO] [68] Matched: ALLIANTECH -> https://vivatechnology.com/partners/alliantech (startup=startup)
2025-05-19 11:44:06,888 [INFO] [76] Matched: ALTYOR -> https://vivatechnology.com/partners/altyor (startup=startup)
2025-05-19 11:44:07,691 [INFO] [92] Matched: APREX -> https://vivatechnology.com/partners/aprex (startup=startup)
2025-05-19 11:44:08,889 [INFO] [121] Matched: AUTOKEYBO LIMITED -> https://vivatechnology.com/partners/autokeybo-limited (startup=startup)
2025-05-19 11:44:09,159 [INFO] [127] Matched: AWAREK -> https://vivatechnology.com/partners/awarek (startup=startup)
2025-05-19 11:44:09,494 [INFO] [134] Matched: BADDY PLUME -> https://vivatechnology.com/partners/baddy-plume (startup=startup)
2025-05-19 11:44:10,542 [INFO] [160] Matched: BIOM RESEARCH PROJECT -> https://vivatechnology.com/partners/biom-research-project (startup=startup)
2025-05-19 11:44:11,152 [INFO] [175] Matched: BLUE SMART ROBOTICS -> https://vivatechnology.com/partners/blue-smart-robotics (startup=startup)
2025-05-19 11:44:11,591 [INFO] [185] Matched: BOTRONICS -> https://vivatechnology.com/partners/botronics (startup=startup)
2025-05-19 11:44:12,868 [INFO] [216] Matched: CAPOOM -> https://vivatechnology.com/partners/capoom (startup=startup)
2025-05-19 11:44:13,744 [INFO] [239] Matched: CHEN KAI TECH -> https://vivatechnology.com/partners/chen-kai-tech (startup=startup)
2025-05-19 11:44:15,671 [INFO] [288] Matched: COR.SYNC -> https://vivatechnology.com/partners/corsync (startup=startup)
2025-05-19 11:44:15,791 [INFO] [290] Matched: CORBERAN PARTS -> https://vivatechnology.com/partners/corberan-parts (startup=startup)
2025-05-19 11:44:16,397 [INFO] [304] Matched: CSC ROBOTIC ENGINEERING LIMITED -> https://vivatechnology.com/partners/csc-robotic-engineering-limited (startup=startup)
2025-05-19 11:44:18,047 [INFO] [347] Matched: DENKWEIT GMBH -> https://vivatechnology.com/partners/denkweit-gmbh (startup=startup)
2025-05-19 11:44:18,408 [INFO] [355] Matched: DEUTSCHES FORSCHUNGSZENTRUM FÜR KÜNSTLICHE INTELLIGENZ DFKI -> https://vivatechnology.com/partners/deutsches-forschungszentrum-fur-kunstliche-intelligenz-dfki (startup=)
2025-05-19 11:44:18,597 [INFO] [359] Matched: DEVPOINT -> https://vivatechnology.com/partners/devpoint (startup=startup)
2025-05-19 11:44:19,545 [INFO] [384] Matched: DOTFLOW -> https://vivatechnology.com/partners/dotflow (startup=startup)
2025-05-19 11:44:21,762 [INFO] [443] Matched: EMOVO CARE -> https://vivatechnology.com/partners/emovo-care (startup=startup)
2025-05-19 11:44:22,237 [INFO] [455] Matched: ENTERPRISE ARMENIA -> https://vivatechnology.com/partners/enterprise-armenia (startup=startup)
2025-05-19 11:44:22,773 [INFO] [468] Matched: ERDE -> https://vivatechnology.com/partners/erde (startup=startup)
2025-05-19 11:44:23,133 [INFO] [475] Matched: EUROPEAN COMMISSION - DG CONNECT -> https://vivatechnology.com/partners/european-commission-dg-connect (startup=)
2025-05-19 11:44:23,264 [INFO] [477] Matched: EX9 -> https://vivatechnology.com/partners/ex9 (startup=startup)
2025-05-19 11:44:23,453 [INFO] [481] Matched: EXOSOME ANALYTICS -> https://vivatechnology.com/partners/exosome-analytics (startup=startup)
2025-05-19 11:44:23,579 [INFO] [483] Matched: EXPLORE MEDIA -> https://vivatechnology.com/partners/explore-media (startup=)
2025-05-19 11:44:23,697 [INFO] [485] Matched: EXWAYZ -> https://vivatechnology.com/partners/exwayz (startup=startup)
2025-05-19 11:44:23,909 [INFO] [489] Matched: FAACTOPI -> https://vivatechnology.com/partners/faactopi (startup=startup)
2025-05-19 11:44:25,072 [INFO] [519] Matched: FLYRENOV -> https://vivatechnology.com/partners/flyrenov (startup=startup)
2025-05-19 11:44:25,644 [INFO] [533] Matched: FRAUNHOFER-GESELLSCHAFT -> https://vivatechnology.com/partners/fraunhofer-gesellschaft (startup=)
2025-05-19 11:44:26,448 [INFO] [553] Matched: GENERAL ROBOTICS -> https://vivatechnology.com/partners/general-robotics (startup=startup)
2025-05-19 11:44:27,267 [INFO] [573] Matched: GOODBARBER -> https://vivatechnology.com/partners/goodbarber (startup=startup)
2025-05-19 11:44:27,548 [INFO] [579] Matched: GREEN COMMUNICATIONS -> https://vivatechnology.com/partners/green-communications (startup=startup)
2025-05-19 11:44:30,680 [INFO] [662] Matched: INBOLT -> https://vivatechnology.com/partners/inbolt (startup=startup)
2025-05-19 11:44:32,213 [INFO] [700] Matched: IRIDESENSE -> https://vivatechnology.com/partners/iridesense (startup=startup)
2025-05-19 11:44:32,577 [INFO] [708] Matched: JAPAN VILLAGE WITH 4 LOCAL GOVERNMENTS -> https://vivatechnology.com/partners/japan-village-with-4-local-governments (startup=)
2025-05-19 11:44:32,667 [INFO] [709] Matched: JAPET MEDICAL -> https://vivatechnology.com/partners/japet-medical (startup=startup)
2025-05-19 11:44:33,424 [INFO] [728] Matched: KALYSTA ACTUATION -> https://vivatechnology.com/partners/kalysta-actuation (startup=startup)
2025-05-19 11:44:35,752 [INFO] [788] Matched: LEARNING ROBOTS -> https://vivatechnology.com/partners/learning-robots (startup=startup)
2025-05-19 11:44:35,972 [INFO] [793] Matched: LEMO -> https://vivatechnology.com/partners/lemo (startup=)
2025-05-19 11:44:36,833 [INFO] [814] Matched: LIUM -> https://vivatechnology.com/partners/lium (startup=startup)
2025-05-19 11:44:37,296 [INFO] [826] Matched: LOTTECHNOLOGY -> https://vivatechnology.com/partners/lottechnology (startup=startup)
2025-05-19 11:44:37,654 [INFO] [835] Matched: LYNXDRONE -> https://vivatechnology.com/partners/lynxdrone (startup=startup)
2025-05-19 11:44:38,273 [INFO] [850] Matched: MAND.RO -> https://vivatechnology.com/partners/mandro (startup=startup)
2025-05-19 11:44:41,423 [INFO] [932] Matched: MORPHINGI INC. -> https://vivatechnology.com/partners/morphingi-inc (startup=startup)
2025-05-19 11:44:41,544 [INFO] [934] Matched: MOVALIFE MICROROBOTICS -> https://vivatechnology.com/partners/movalife-microrobotics (startup=startup)
2025-05-19 11:44:42,018 [INFO] [945] Matched: MX3D -> https://vivatechnology.com/partners/mx3d (startup=startup)
2025-05-19 11:44:42,380 [INFO] [953] Matched: MYNERVA -> https://vivatechnology.com/partners/mynerva (startup=startup)
2025-05-19 11:44:43,508 [INFO] [982] Matched: NEXT MODULAR VEHICLES -> https://vivatechnology.com/partners/next-modular-vehicles (startup=startup)
2025-05-19 11:44:44,502 [INFO] [1008] Matched: NUSENSE -> https://vivatechnology.com/partners/nusense (startup=startup)
2025-05-19 11:44:46,595 [INFO] [1064] Matched: OREYEON -> https://vivatechnology.com/partners/oreyeon (startup=startup)
2025-05-19 11:44:48,568 [INFO] [1109] Matched: PHIGI -> https://vivatechnology.com/partners/phigi (startup=startup)
2025-05-19 11:44:48,716 [INFO] [1112] Matched: PHOENIX-AI -> https://vivatechnology.com/partners/phoenix-ai (startup=startup)
2025-05-19 11:44:49,618 [INFO] [1135] Matched: POLOGNE - POLISH INVESTMENT AND TRADE AGENCY - PAIH -> https://vivatechnology.com/partners/pologne-polish-investment-and-trade-agency-paih (startup=)
2025-05-19 11:44:51,936 [INFO] [1195] Matched: RATP GROUP -> https://vivatechnology.com/partners/ratp-group (startup=)
2025-05-19 11:44:52,620 [INFO] [1210] Matched: RÉGION NOUVELLE-AQUITAINE -> https://vivatechnology.com/partners/region-nouvelle-aquitaine (startup=)
2025-05-19 11:44:52,881 [INFO] [1216] Matched: RENARDO -> https://vivatechnology.com/partners/renardo (startup=startup)
2025-05-19 11:44:52,960 [INFO] [1217] Matched: RENEWABLES & COLOCATED BATTERIES -> https://vivatechnology.com/partners/renewables-colocated-batteries (startup=startup)
2025-05-19 11:44:53,536 [INFO] [1231] Matched: RIGSTERS -> https://vivatechnology.com/partners/rigsters (startup=startup)
2025-05-19 11:44:53,754 [INFO] [1236] Matched: ROB'OCC -> https://vivatechnology.com/partners/robocc (startup=startup)
2025-05-19 11:44:53,824 [INFO] [1237] Matched: ROBOCORE TECHNOLOGY LIMITED -> https://vivatechnology.com/partners/robocore-technology-limited (startup=startup)
2025-05-19 11:44:57,097 [INFO] [1323] Matched: SOMANITY -> https://vivatechnology.com/partners/somanity (startup=startup)
2025-05-19 11:44:57,537 [INFO] [1334] Matched: SPEXAL -> https://vivatechnology.com/partners/spexal (startup=startup)
2025-05-19 11:44:57,933 [INFO] [1343] Matched: STARTUP-GERMANY AND FRENCH-GERMAN TECH LAB -> https://vivatechnology.com/partners/startup-germany-and-french-german-tech-lab (startup=startup)
2025-05-19 11:44:58,900 [INFO] [1367] Matched: SWISSTECH -> https://vivatechnology.com/partners/swisstech (startup=)
2025-05-19 11:44:59,437 [INFO] [1379] Matched: TAIWAN - TAIWAN TECH ARENA (TTA) -> https://vivatechnology.com/partners/taiwan-taiwan-tech-arena-tta (startup=)
2025-05-19 11:45:00,033 [INFO] [1394] Matched: TELEKINESIS -> https://vivatechnology.com/partners/telekinesis (startup=startup)
2025-05-19 11:45:00,338 [INFO] [1402] Matched: TERRATIS -> https://vivatechnology.com/partners/terratis (startup=startup)
2025-05-19 11:45:00,430 [INFO] [1403] Matched: TESLA -> https://vivatechnology.com/partners/tesla (startup=)
2025-05-19 11:45:00,731 [INFO] [1409] Matched: THE INNOVATION AGENCY RHINELAND-PALATINATE GMBH -> https://vivatechnology.com/partners/the-innovation-agency-rhineland-palatinate-gmbh (startup=)
2025-05-19 11:45:01,006 [INFO] [1415] Matched: THE RING - UDC -> https://vivatechnology.com/partners/the-ring-udc (startup=startup)
2025-05-19 11:45:01,212 [INFO] [1419] Matched: THERASONIC -> https://vivatechnology.com/partners/therasonic (startup=startup)
2025-05-19 11:45:01,524 [INFO] [1427] Matched: TISSUELABS -> https://vivatechnology.com/partners/tissuelabs (startup=startup)
2025-05-19 11:45:02,927 [INFO] [1463] Matched: UNITREE ROBOTICS -> https://vivatechnology.com/partners/unitree-robotics (startup=startup)
2025-05-19 11:45:04,342 [INFO] [1498] Matched: VISIONSPACE INC. -> https://vivatechnology.com/partners/visionspace-inc (startup=startup)
2025-05-19 11:45:04,589 [INFO] [1504] Matched: VITIVISIO -> https://vivatechnology.com/partners/vitivisio (startup=startup)
2025-05-19 11:45:04,979 [INFO] [1514] Matched: VULKAM -> https://vivatechnology.com/partners/vulkam (startup=startup)
2025-05-19 11:45:05,273 [INFO] [1521] Matched: WASORIA -> https://vivatechnology.com/partners/wasoria (startup=startup)
2025-05-19 11:45:07,914 [INFO] Collected 82 robotics companies
2025-05-19 11:45:08,078 [INFO] Writing results to robotics_companies.csv
2025-05-19 11:45:08,081 [INFO] Extraction complete: /home/fuji/VivaTech_/robotics_companies.csv
