2025-05-19 13:50:39,010 [INFO] Loaded page https://vivatechnology.com/partners
2025-05-19 13:53:30,564 [INFO] Finished stepwise scroll
2025-05-19 13:53:30,686 [INFO] Found 1591 company blocks
2025-05-19 13:54:34,087 [INFO] Collected 63 companies for detail extraction
2025-05-19 13:54:41,654 [INFO] [1] enriched 2TONNES
2025-05-19 13:54:49,150 [INFO] [2] enriched AKIVI
2025-05-19 13:54:57,135 [INFO] [3] enriched ALEFREDO EXAMS
2025-05-19 13:55:05,023 [INFO] [4] enriched ANONYMOUS DOTS TECHNOLOGY COLIMITED
2025-05-19 13:55:12,464 [INFO] [5] enriched AUGMEDI AG
2025-05-19 13:55:19,986 [INFO] [6] enriched AWORLD
2025-05-19 13:55:27,815 [INFO] [7] enriched BEEKEE
2025-05-19 13:55:36,038 [INFO] [8] enriched BLATRON
2025-05-19 13:55:43,530 [INFO] [9] enriched BLIFY
2025-05-19 13:55:51,428 [INFO] [10] enriched CCI PARIS ILE-DE-FRANCE
2025-05-19 13:55:59,202 [INFO] [11] enriched CERTIFOPAC
2025-05-19 13:56:07,099 [INFO] [12] enriched CLEO
2025-05-19 13:56:15,129 [INFO] [13] enriched COACHELLO
2025-05-19 13:56:22,993 [INFO] [14] enriched CONSTEL MENTORING
2025-05-19 13:56:30,335 [INFO] [15] enriched DÉLÉGATION GÉNÉRALE À L’ENTREPRENARIAT RAPIDE DES FEMMES ET DES JEUNES
2025-05-19 13:56:38,369 [INFO] [16] enriched DIGIOTOUCH OU
2025-05-19 13:56:45,898 [INFO] [17] enriched E-REO
2025-05-19 13:56:53,557 [INFO] [18] enriched EDTAKE
2025-05-19 13:57:01,286 [INFO] [19] enriched EXPLORE MEDIA
2025-05-19 13:57:08,753 [INFO] [20] enriched FACIL'ITI
2025-05-19 13:57:16,201 [INFO] [21] enriched FORMEAZY
2025-05-19 13:57:24,316 [INFO] [22] enriched GOWIZAPP
2025-05-19 13:57:31,860 [INFO] [23] enriched HIVENET
2025-05-19 13:57:39,494 [INFO] [24] enriched INERSIO
2025-05-19 13:57:48,557 [INFO] [25] enriched JOBTASTE
2025-05-19 13:57:56,071 [INFO] [26] enriched JUISCI
2025-05-19 13:58:03,312 [INFO] [27] enriched KOKORO LINGUA
2025-05-19 13:58:10,698 [INFO] [28] enriched L4BOX
2025-05-19 13:58:18,404 [INFO] [29] enriched LA CARTE DES TALENTS
2025-05-19 13:58:26,169 [INFO] [30] enriched LA REBELLE CONNECT
2025-05-19 13:58:33,758 [INFO] [31] enriched LA TOUCHE MUSICALE
2025-05-19 13:58:42,206 [INFO] [32] enriched LEARNING ROBOTS
2025-05-19 13:58:51,193 [INFO] [33] enriched LEON
2025-05-19 13:58:59,196 [INFO] [34] enriched MANSA TALENTS
2025-05-19 13:59:07,003 [INFO] [35] enriched MENTALECO
2025-05-19 13:59:14,789 [INFO] [36] enriched MINACLASS
2025-05-19 13:59:22,277 [INFO] [37] enriched MIST STUDIO
2025-05-19 13:59:29,984 [INFO] [38] enriched MONELECTROBOX
2025-05-19 13:59:37,357 [INFO] [39] enriched MOVER
2025-05-19 13:59:45,007 [INFO] [40] enriched MYOTHESIS
2025-05-19 13:59:52,434 [INFO] [41] enriched NOLEJ
2025-05-19 14:00:00,061 [INFO] [42] enriched OHÉ - ORTHOGRAPHE HÉROS
2025-05-19 14:00:08,775 [INFO] [43] enriched OPENCYBER AI
2025-05-19 14:00:17,484 [INFO] [44] enriched ORELIS SARL
2025-05-19 14:00:25,083 [INFO] [45] enriched OVA INC.
2025-05-19 14:00:32,631 [INFO] [46] enriched PALM.AI
2025-05-19 14:00:40,730 [INFO] [47] enriched PLAYCURIO CO., LTD.
2025-05-19 14:00:48,525 [INFO] [48] enriched POKAMIND
2025-05-19 14:00:55,901 [INFO] [49] enriched POLLEN
2025-05-19 14:01:03,797 [INFO] [50] enriched QUITUS
2025-05-19 14:01:11,229 [INFO] [51] enriched SAYNA
2025-05-19 14:01:19,128 [INFO] [52] enriched SCANLITT
2025-05-19 14:01:26,973 [INFO] [53] enriched STARPAL.AI
2025-05-19 14:01:34,643 [INFO] [54] enriched STEWDY
2025-05-19 14:01:42,640 [INFO] [55] enriched SYMPLIF.AI
2025-05-19 14:01:50,223 [INFO] [56] enriched TALEME
2025-05-19 14:01:59,816 [INFO] [57] enriched TANJIBLOCKS
2025-05-19 14:02:07,393 [INFO] [58] enriched TEN FRAMEWORK
2025-05-19 14:02:19,259 [INFO] [59] enriched TURING SPACE
2025-05-19 14:02:26,918 [INFO] [60] enriched WILBI
2025-05-19 14:02:34,555 [INFO] [61] enriched YELLO
2025-05-19 14:02:42,351 [INFO] [62] enriched ZAKA
2025-05-19 14:02:49,926 [INFO] [63] enriched ZENCODER
2025-05-19 14:02:49,927 [INFO] Saved 63 rows to /home/fuji/VivaTech_/sector_companies.csv
