2025-05-19 13:00:03,351 [INFO] Loaded page https://vivatechnology.com/partners
2025-05-19 13:03:08,085 [INFO] Finished stepwise scroll
2025-05-19 13:03:08,212 [INFO] Found 1591 company blocks
2025-05-19 13:04:11,257 [INFO] Collected 63 companies for detail extraction
2025-05-19 13:04:19,700 [INFO] [1] enriched 2TONNES
2025-05-19 13:04:26,946 [INFO] [2] enriched AKIVI
2025-05-19 13:04:34,921 [INFO] [3] enriched ALEFREDO EXAMS
2025-05-19 13:04:43,907 [INFO] [4] enriched ANONYMOUS DOTS TECHNOLOGY COLIMITED
2025-05-19 13:04:51,629 [INFO] [5] enriched AUGMEDI AG
2025-05-19 13:04:58,983 [INFO] [6] enriched AWORLD
2025-05-19 13:05:06,940 [INFO] [7] enriched BEEKEE
2025-05-19 13:05:14,604 [INFO] [8] enriched BLATRON
2025-05-19 13:05:22,939 [INFO] [9] enriched BLIFY
2025-05-19 13:05:30,926 [INFO] [10] enriched CCI PARIS ILE-DE-FRANCE
2025-05-19 13:05:39,005 [INFO] [11] enriched CERTIFOPAC
2025-05-19 13:05:47,243 [INFO] [12] enriched CLEO
2025-05-19 13:05:54,960 [INFO] [13] enriched COACHELLO
2025-05-19 13:06:03,384 [INFO] [14] enriched CONSTEL MENTORING
2025-05-19 13:06:11,239 [INFO] [15] enriched DÉLÉGATION GÉNÉRALE À L’ENTREPRENARIAT RAPIDE DES FEMMES ET DES JEUNES
2025-05-19 13:06:18,836 [INFO] [16] enriched DIGIOTOUCH OU
2025-05-19 13:06:26,894 [INFO] [17] enriched E-REO
2025-05-19 13:06:34,377 [INFO] [18] enriched EDTAKE
2025-05-19 13:06:41,873 [INFO] [19] enriched EXPLORE MEDIA
2025-05-19 13:06:49,659 [INFO] [20] enriched FACIL'ITI
2025-05-19 13:06:57,011 [INFO] [21] enriched FORMEAZY
2025-05-19 13:07:04,618 [INFO] [22] enriched GOWIZAPP
2025-05-19 13:07:12,672 [INFO] [23] enriched HIVENET
2025-05-19 13:07:20,179 [INFO] [24] enriched INERSIO
2025-05-19 13:07:30,666 [INFO] [25] enriched JOBTASTE
2025-05-19 13:07:38,058 [INFO] [26] enriched JUISCI
2025-05-19 13:07:45,767 [INFO] [27] enriched KOKORO LINGUA
2025-05-19 13:07:53,780 [INFO] [28] enriched L4BOX
2025-05-19 13:08:01,404 [INFO] [29] enriched LA CARTE DES TALENTS
2025-05-19 13:08:08,861 [INFO] [30] enriched LA REBELLE CONNECT
2025-05-19 13:08:16,612 [INFO] [31] enriched LA TOUCHE MUSICALE
2025-05-19 13:08:24,425 [INFO] [32] enriched LEARNING ROBOTS
2025-05-19 13:08:34,157 [INFO] [33] enriched LEON
2025-05-19 13:08:42,115 [INFO] [34] enriched MANSA TALENTS
2025-05-19 13:08:49,591 [INFO] [35] enriched MENTALECO
2025-05-19 13:08:57,074 [INFO] [36] enriched MINACLASS
2025-05-19 13:09:04,609 [INFO] [37] enriched MIST STUDIO
2025-05-19 13:09:12,531 [INFO] [38] enriched MONELECTROBOX
2025-05-19 13:09:20,445 [INFO] [39] enriched MOVER
2025-05-19 13:09:27,987 [INFO] [40] enriched MYOTHESIS
2025-05-19 13:09:35,542 [INFO] [41] enriched NOLEJ
2025-05-19 13:09:43,014 [INFO] [42] enriched OHÉ - ORTHOGRAPHE HÉROS
2025-05-19 13:09:50,822 [INFO] [43] enriched OPENCYBER AI
2025-05-19 13:09:58,742 [INFO] [44] enriched ORELIS SARL
2025-05-19 13:10:06,377 [INFO] [45] enriched OVA INC.
2025-05-19 13:10:14,604 [INFO] [46] enriched PALM.AI
2025-05-19 13:10:22,555 [INFO] [47] enriched PLAYCURIO CO., LTD.
2025-05-19 13:10:29,905 [INFO] [48] enriched POKAMIND
2025-05-19 13:10:37,199 [INFO] [49] enriched POLLEN
2025-05-19 13:10:45,012 [INFO] [50] enriched QUITUS
2025-05-19 13:10:53,185 [INFO] [51] enriched SAYNA
2025-05-19 13:11:00,702 [INFO] [52] enriched SCANLITT
2025-05-19 13:11:11,963 [INFO] [53] enriched STARPAL.AI
2025-05-19 13:11:19,879 [INFO] [54] enriched STEWDY
2025-05-19 13:11:27,816 [INFO] [55] enriched SYMPLIF.AI
2025-05-19 13:11:35,356 [INFO] [56] enriched TALEME
2025-05-19 13:11:43,458 [INFO] [57] enriched TANJIBLOCKS
2025-05-19 13:11:51,209 [INFO] [58] enriched TEN FRAMEWORK
2025-05-19 13:11:59,767 [INFO] [59] enriched TURING SPACE
2025-05-19 13:12:07,612 [INFO] [60] enriched WILBI
2025-05-19 13:12:15,629 [INFO] [61] enriched YELLO
2025-05-19 13:12:23,459 [INFO] [62] enriched ZAKA
2025-05-19 13:12:30,934 [INFO] [63] enriched ZENCODER
2025-05-19 13:12:30,935 [INFO] Saved 63 rows to /home/fuji/VivaTech_/sector_companies.csv
